(MainListeEtudiants2019.cpp - 15) Debut de l'appic.
(MainListeEtudiants2019.cpp - 29) Dans Ok.
(MainListeEtudiants2019.cpp - 30) Groupe 1 : g2201
(MainListeEtudiants2019.cpp - 31) Groupe 2 : g2202
(MainListeEtudiants2019.cpp - 32) Groupe 3 : g2204
(Lect.cpp - 15) Debut pour le groupe g2201
(Lect.cpp - 29) (17727) sort du  fichier g2201  (10)
(fctUtiles.cpp - 69) Nb = 10
(Lect.cpp - 15) Debut pour le groupe g2202
(Lect.cpp - 29) (17728) sort du  fichier g2202  (6)
(Lect.cpp - 15) Debut pour le groupe g2204
(Lect.cpp - 29) (17729) sort du  fichier g2204  (6)
(MainListeEtudiants2019.cpp - 29) Dans Ok.
(MainListeEtudiants2019.cpp - 30) Groupe 1 : g2201
(MainListeEtudiants2019.cpp - 31) Groupe 2 : g2203
(MainListeEtudiants2019.cpp - 32) Groupe 3 : g2204
(Lect.cpp - 15) Debut pour le groupe g2201
(Lect.cpp - 29) (17730) sort du  fichier g2201  (10)
(fctUtiles.cpp - 69) Nb = 10
(Lect.cpp - 15) Debut pour le groupe g2203
(Lect.cpp - 29) (17731) sort du  fichier g2203  (8)
(Lect.cpp - 15) Debut pour le groupe g2204
(Lect.cpp - 29) (17732) sort du  fichier g2204  (6)
(MainListeEtudiants2019.cpp - 91) Dans Effacer.
(fctUtiles.cpp - 69) Nb = -1
(MainListeEtudiants2019.cpp - 29) Dans Ok.
(MainListeEtudiants2019.cpp - 30) Groupe 1 : (null)
(MainListeEtudiants2019.cpp - 31) Groupe 2 : (null)
(MainListeEtudiants2019.cpp - 32) Groupe 3 : (null)
(Lect.cpp - 15) Debut pour le groupe (null)
(fctUtiles.cpp - 69) Nb = 1
(Lect.cpp - 15) Debut pour le groupe (null)
(Lect.cpp - 15) Debut pour le groupe (null)
(MainListeEtudiants2019.cpp - 29) Dans Ok.
(MainListeEtudiants2019.cpp - 30) Groupe 1 : (null)
(MainListeEtudiants2019.cpp - 31) Groupe 2 : (null)
(MainListeEtudiants2019.cpp - 32) Groupe 3 : (null)
(Lect.cpp - 15) Debut pour le groupe (null)
(fctUtiles.cpp - 69) Nb = 1
(Lect.cpp - 15) Debut pour le groupe (null)
(Lect.cpp - 15) Debut pour le groupe (null)
(MainListeEtudiants2019.cpp - 29) Dans Ok.
(MainListeEtudiants2019.cpp - 30) Groupe 1 : (null)
(MainListeEtudiants2019.cpp - 31) Groupe 2 : (null)
(MainListeEtudiants2019.cpp - 32) Groupe 3 : (null)
(Lect.cpp - 15) Debut pour le groupe (null)
(fctUtiles.cpp - 69) Nb = 1
(Lect.cpp - 15) Debut pour le groupe (null)
(Lect.cpp - 15) Debut pour le groupe (null)
(MainListeEtudiants2019.cpp - 102) Dans Terminer.
